<?xml version="1.0" encoding="UTF-8"?>
<!-- Generated by org.testng.reporters.JUnitXMLReporter -->
<testsuite ignored="0" hostname="DESKTOP-AMSBLU7" failures="4" tests="114" name="Test" time="569.419" errors="0" timestamp="2022-07-26T11:43:40 IST">
  <testcase classname="fieldServiceFormsTest.InstallationGUITest" name="gui_Test_InstallationPage" time="4.961">
    <failure type="org.openqa.selenium.ElementNotInteractableException" message="element not interactable: [object HTMLDivElement] has no size and location
  (Session info: chrome=103.0.5060.134)
Build info: version: &amp;apos;4.2.2&amp;apos;, revision: &amp;apos;683ccb65d6&amp;apos;
System info: host: &amp;apos;DESKTOP-AMSBLU7&amp;apos;, ip: &amp;apos;192.168.0.124&amp;apos;, os.name: &amp;apos;Windows 10&amp;apos;, os.arch: &amp;apos;amd64&amp;apos;, os.version: &amp;apos;10.0&amp;apos;, java.version: &amp;apos;11.0.13&amp;apos;
Driver info: org.openqa.selenium.chrome.ChromeDriver
Command: [b6d7709ce6e3cf20a8a00ac11e818434, actions {actions=[org.openqa.selenium.interactions.Sequence@309dcdf3, org.openqa.selenium.interactions.Sequence@7573b9ee]}]
Capabilities {acceptInsecureCerts: false, browserName: chrome, browserVersion: 103.0.5060.134, chrome: {chromedriverVersion: 103.0.5060.53 (a1711811edd7..., userDataDir: C:\Users\DELL\AppData\Local...}, goog:chromeOptions: {debuggerAddress: localhost:52193}, networkConnectionEnabled: false, pageLoadStrategy: normal, platformName: WINDOWS, proxy: Proxy(), se:cdp: ws://localhost:52193/devtoo..., se:cdpVersion: 103.0.5060.134, setWindowRect: true, strictFileInteractability: false, timeouts: {implicit: 0, pageLoad: 300000, script: 30000}, unhandledPromptBehavior: dismiss and notify, webauthn:extension:credBlob: true, webauthn:extension:largeBlob: true, webauthn:virtualAuthenticators: true}
Session ID: b6d7709ce6e3cf20a8a00ac11e818434">
      <![CDATA[org.openqa.selenium.ElementNotInteractableException: element not interactable: [object HTMLDivElement] has no size and location
  (Session info: chrome=103.0.5060.134)
Build info: version: '4.2.2', revision: '683ccb65d6'
System info: host: 'DESKTOP-AMSBLU7', ip: '192.168.0.124', os.name: 'Windows 10', os.arch: 'amd64', os.version: '10.0', java.version: '11.0.13'
Driver info: org.openqa.selenium.chrome.ChromeDriver
Command: [b6d7709ce6e3cf20a8a00ac11e818434, actions {actions=[org.openqa.selenium.interactions.Sequence@309dcdf3, org.openqa.selenium.interactions.Sequence@7573b9ee]}]
Capabilities {acceptInsecureCerts: false, browserName: chrome, browserVersion: 103.0.5060.134, chrome: {chromedriverVersion: 103.0.5060.53 (a1711811edd7..., userDataDir: C:\Users\DELL\AppData\Local...}, goog:chromeOptions: {debuggerAddress: localhost:52193}, networkConnectionEnabled: false, pageLoadStrategy: normal, platformName: WINDOWS, proxy: Proxy(), se:cdp: ws://localhost:52193/devtoo..., se:cdpVersion: 103.0.5060.134, setWindowRect: true, strictFileInteractability: false, timeouts: {implicit: 0, pageLoad: 300000, script: 30000}, unhandledPromptBehavior: dismiss and notify, webauthn:extension:credBlob: true, webauthn:extension:largeBlob: true, webauthn:virtualAuthenticators: true}
Session ID: b6d7709ce6e3cf20a8a00ac11e818434
at org.openqa.selenium.remote.codec.w3c.W3CHttpResponseCodec.createException(W3CHttpResponseCodec.java:200)
at org.openqa.selenium.remote.codec.w3c.W3CHttpResponseCodec.decode(W3CHttpResponseCodec.java:133)
at org.openqa.selenium.remote.codec.w3c.W3CHttpResponseCodec.decode(W3CHttpResponseCodec.java:53)
at org.openqa.selenium.remote.HttpCommandExecutor.execute(HttpCommandExecutor.java:184)
at org.openqa.selenium.remote.service.DriverCommandExecutor.invokeExecute(DriverCommandExecutor.java:167)
at org.openqa.selenium.remote.service.DriverCommandExecutor.execute(DriverCommandExecutor.java:142)
at org.openqa.selenium.remote.RemoteWebDriver.execute(RemoteWebDriver.java:588)
at org.openqa.selenium.remote.RemoteWebDriver.perform(RemoteWebDriver.java:656)
at org.openqa.selenium.interactions.Actions$BuiltAction.perform(Actions.java:718)
at fieldServiceFormsTest.InstallationGUITest.gui_Test_InstallationPage(InstallationGUITest.java:173)
at java.base/java.util.ArrayList.forEach(ArrayList.java:1541)
... Removed 31 stack frames]]>
    </failure>
  </testcase> <!-- gui_Test_InstallationPage -->
  <testcase classname="fieldServiceFormsTest.InstallationGUITest" name="gui_Test_InstallationPage" time="64.332">
    <failure type="org.openqa.selenium.NoSuchElementException" message="no such element: Unable to locate element: {&amp;quot;method&amp;quot;:&amp;quot;css selector&amp;quot;,&amp;quot;selector&amp;quot;:&amp;quot;#submitSuccess&amp;quot;}
  (Session info: chrome=103.0.5060.134)
For documentation on this error, please visit: https://selenium.dev/exceptions/#no_such_element
Build info: version: &amp;apos;4.2.2&amp;apos;, revision: &amp;apos;683ccb65d6&amp;apos;
System info: host: &amp;apos;DESKTOP-AMSBLU7&amp;apos;, ip: &amp;apos;192.168.0.124&amp;apos;, os.name: &amp;apos;Windows 10&amp;apos;, os.arch: &amp;apos;amd64&amp;apos;, os.version: &amp;apos;10.0&amp;apos;, java.version: &amp;apos;11.0.13&amp;apos;
Driver info: org.openqa.selenium.chrome.ChromeDriver
Command: [b6d7709ce6e3cf20a8a00ac11e818434, findElement {using=id, value=submitSuccess}]
Capabilities {acceptInsecureCerts: false, browserName: chrome, browserVersion: 103.0.5060.134, chrome: {chromedriverVersion: 103.0.5060.53 (a1711811edd7..., userDataDir: C:\Users\DELL\AppData\Local...}, goog:chromeOptions: {debuggerAddress: localhost:52193}, networkConnectionEnabled: false, pageLoadStrategy: normal, platformName: WINDOWS, proxy: Proxy(), se:cdp: ws://localhost:52193/devtoo..., se:cdpVersion: 103.0.5060.134, setWindowRect: true, strictFileInteractability: false, timeouts: {implicit: 0, pageLoad: 300000, script: 30000}, unhandledPromptBehavior: dismiss and notify, webauthn:extension:credBlob: true, webauthn:extension:largeBlob: true, webauthn:virtualAuthenticators: true}
Session ID: b6d7709ce6e3cf20a8a00ac11e818434">
      <![CDATA[org.openqa.selenium.NoSuchElementException: no such element: Unable to locate element: {"method":"css selector","selector":"#submitSuccess"}
  (Session info: chrome=103.0.5060.134)
For documentation on this error, please visit: https://selenium.dev/exceptions/#no_such_element
Build info: version: '4.2.2', revision: '683ccb65d6'
System info: host: 'DESKTOP-AMSBLU7', ip: '192.168.0.124', os.name: 'Windows 10', os.arch: 'amd64', os.version: '10.0', java.version: '11.0.13'
Driver info: org.openqa.selenium.chrome.ChromeDriver
Command: [b6d7709ce6e3cf20a8a00ac11e818434, findElement {using=id, value=submitSuccess}]
Capabilities {acceptInsecureCerts: false, browserName: chrome, browserVersion: 103.0.5060.134, chrome: {chromedriverVersion: 103.0.5060.53 (a1711811edd7..., userDataDir: C:\Users\DELL\AppData\Local...}, goog:chromeOptions: {debuggerAddress: localhost:52193}, networkConnectionEnabled: false, pageLoadStrategy: normal, platformName: WINDOWS, proxy: Proxy(), se:cdp: ws://localhost:52193/devtoo..., se:cdpVersion: 103.0.5060.134, setWindowRect: true, strictFileInteractability: false, timeouts: {implicit: 0, pageLoad: 300000, script: 30000}, unhandledPromptBehavior: dismiss and notify, webauthn:extension:credBlob: true, webauthn:extension:largeBlob: true, webauthn:virtualAuthenticators: true}
Session ID: b6d7709ce6e3cf20a8a00ac11e818434
at org.openqa.selenium.remote.codec.w3c.W3CHttpResponseCodec.createException(W3CHttpResponseCodec.java:200)
at org.openqa.selenium.remote.codec.w3c.W3CHttpResponseCodec.decode(W3CHttpResponseCodec.java:133)
at org.openqa.selenium.remote.codec.w3c.W3CHttpResponseCodec.decode(W3CHttpResponseCodec.java:53)
at org.openqa.selenium.remote.HttpCommandExecutor.execute(HttpCommandExecutor.java:184)
at org.openqa.selenium.remote.service.DriverCommandExecutor.invokeExecute(DriverCommandExecutor.java:167)
at org.openqa.selenium.remote.service.DriverCommandExecutor.execute(DriverCommandExecutor.java:142)
at org.openqa.selenium.remote.RemoteWebDriver.execute(RemoteWebDriver.java:588)
at org.openqa.selenium.remote.ElementLocation$ElementFinder$2.findElement(ElementLocation.java:162)
at org.openqa.selenium.remote.ElementLocation.findElement(ElementLocation.java:60)
at org.openqa.selenium.remote.RemoteWebDriver.findElement(RemoteWebDriver.java:406)
at org.openqa.selenium.remote.RemoteWebDriver.findElement(RemoteWebDriver.java:398)
at pageobjects.InstallationLocatorsGUI.submitSuccess(InstallationLocatorsGUI.java:503)
at fieldServiceFormsTest.InstallationGUITest.gui_Test_InstallationPage(InstallationGUITest.java:211)
at java.base/java.util.ArrayList.forEach(ArrayList.java:1541)
... Removed 31 stack frames]]>
    </failure>
  </testcase> <!-- gui_Test_InstallationPage -->
  <testcase classname="fieldServiceFormsTest.InstallationGUITest" name="gui_Test_InstallationPage" time="8.331"/>
  <testcase classname="fieldServiceFormsTest.InstallationGUITest" name="gui_Test_InstallationPage" time="6.975"/>
  <testcase classname="fieldServiceFormsTest.InstallationGUITest" name="gui_Test_InstallationPage" time="7.244"/>
  <testcase classname="fieldServiceFormsTest.InstallationGUITest" name="gui_Test_InstallationPage" time="6.405"/>
  <testcase classname="fieldServiceFormsTest.InstallationGUITest" name="gui_Test_InstallationPage" time="6.879"/>
  <testcase classname="fieldServiceFormsTest.InstallationGUITest" name="gui_Test_InstallationPage" time="7.365"/>
  <testcase classname="fieldServiceFormsTest.InstallationGUITest" name="gui_Test_InstallationPage" time="5.839"/>
  <testcase classname="fieldServiceFormsTest.InstallationGUITest" name="gui_Test_InstallationPage" time="7.449"/>
  <testcase classname="fieldServiceFormsTest.InstallationGUITest" name="gui_Test_InstallationPage" time="7.445"/>
  <testcase classname="fieldServiceFormsTest.InstallationGUITest" name="gui_Test_InstallationPage" time="5.676"/>
  <testcase classname="fieldServiceFormsTest.InstallationGUITest" name="gui_Test_InstallationPage" time="6.102"/>
  <testcase classname="fieldServiceFormsTest.InstallationGUITest" name="gui_Test_InstallationPage" time="6.275"/>
  <testcase classname="fieldServiceFormsTest.InstallationGUITest" name="gui_Test_InstallationPage" time="6.307"/>
  <testcase classname="fieldServiceFormsTest.InstallationGUITest" name="gui_Test_InstallationPage" time="6.132"/>
  <testcase classname="fieldServiceFormsTest.InstallationGUITest" name="gui_Test_InstallationPage" time="6.193"/>
  <testcase classname="fieldServiceFormsTest.InstallationGUITest" name="gui_Test_InstallationPage" time="6.007"/>
  <testcase classname="fieldServiceFormsTest.InstallationGUITest" name="gui_Test_InstallationPage" time="5.94"/>
  <testcase classname="fieldServiceFormsTest.InstallationGUITest" name="gui_Test_InstallationPage" time="5.895"/>
  <testcase classname="fieldServiceFormsTest.InstallationGUITest" name="gui_Test_InstallationPage" time="5.808"/>
  <testcase classname="fieldServiceFormsTest.InstallationGUITest" name="gui_Test_InstallationPage" time="6.215"/>
  <testcase classname="fieldServiceFormsTest.InstallationGUITest" name="gui_Test_InstallationPage" time="6.617"/>
  <testcase classname="fieldServiceFormsTest.InstallationGUITest" name="gui_Test_InstallationPage" time="6.806"/>
  <testcase classname="fieldServiceFormsTest.InstallationGUITest" name="gui_Test_InstallationPage" time="6.905"/>
  <testcase classname="fieldServiceFormsTest.InstallationGUITest" name="gui_Test_InstallationPage" time="6.935"/>
  <testcase classname="fieldServiceFormsTest.InstallationGUITest" name="gui_Test_InstallationPage" time="7.28"/>
  <testcase classname="fieldServiceFormsTest.InstallationGUITest" name="gui_Test_InstallationPage" time="7.164"/>
  <testcase classname="fieldServiceFormsTest.InstallationGUITest" name="gui_Test_InstallationPage" time="6.837"/>
  <testcase classname="fieldServiceFormsTest.InstallationGUITest" name="gui_Test_InstallationPage" time="7.835"/>
  <testcase classname="fieldServiceFormsTest.InstallationGUITest" name="gui_Test_InstallationPage" time="7.081"/>
  <testcase classname="fieldServiceFormsTest.InstallationGUITest" name="gui_Test_InstallationPage" time="7.162"/>
  <testcase classname="fieldServiceFormsTest.InstallationGUITest" name="gui_Test_InstallationPage" time="7.794"/>
  <testcase classname="fieldServiceFormsTest.InstallationGUITest" name="gui_Test_InstallationPage" time="7.759"/>
  <testcase classname="fieldServiceFormsTest.InstallationGUITest" name="gui_Test_InstallationPage" time="7.501"/>
  <testcase classname="fieldServiceFormsTest.InstallationGUITest" name="gui_Test_InstallationPage" time="7.626"/>
  <testcase classname="fieldServiceFormsTest.InstallationGUITest" name="gui_Test_InstallationPage" time="8.971"/>
  <testcase classname="fieldServiceFormsTest.InstallationGUITest" name="gui_Test_InstallationPage" time="11.423"/>
  <testcase classname="fieldServiceFormsTest.InstallationGUITest" name="gui_Test_InstallationPage" time="7.537"/>
  <testcase classname="fieldServiceFormsTest.InstallationGUITest" name="gui_Test_InstallationPage" time="7.461"/>
  <testcase classname="fieldServiceFormsTest.InstallationGUITest" name="gui_Test_InstallationPage" time="6.839"/>
  <testcase classname="fieldServiceFormsTest.InstallationGUITest" name="gui_Test_InstallationPage" time="7.571"/>
  <testcase classname="fieldServiceFormsTest.InstallationGUITest" name="gui_Test_InstallationPage" time="7.4"/>
  <testcase classname="fieldServiceFormsTest.InstallationGUITest" name="gui_Test_InstallationPage" time="5.609"/>
  <testcase classname="fieldServiceFormsTest.InstallationGUITest" name="gui_Test_InstallationPage" time="6.634"/>
  <testcase classname="fieldServiceFormsTest.InstallationGUITest" name="gui_Test_InstallationPage" time="6.607"/>
  <testcase classname="fieldServiceFormsTest.InstallationGUITest" name="gui_Test_InstallationPage" time="5.565"/>
  <testcase classname="fieldServiceFormsTest.InstallationGUITest" name="gui_Test_InstallationPage" time="6.531"/>
  <testcase classname="fieldServiceFormsTest.InstallationGUITest" name="gui_Test_InstallationPage" time="5.75"/>
  <testcase classname="fieldServiceFormsTest.InstallationGUITest" name="gui_Test_InstallationPage" time="5.564"/>
  <testcase classname="fieldServiceFormsTest.RepairAssessOtherGUITest" name="GUITestRadiobuttonRepairAssessement" time="3.466"/>
  <testcase classname="fieldServiceFormsTest.RepairAssessOtherGUITest" name="GUITestRadiobuttonRepairAssessement" time="1.591"/>
  <testcase classname="fieldServiceFormsTest.RepairAssessOtherGUITest" name="GUITestRadiobuttonRepairAssessement" time="1.674"/>
  <testcase classname="fieldServiceFormsTest.RepairAssessOtherGUITest" name="GUITestRadiobuttonRepairAssessement" time="1.497"/>
  <testcase classname="fieldServiceFormsTest.RepairAssessOtherGUITest" name="GUITestRadiobuttonRepairAssessement" time="1.46"/>
  <testcase classname="fieldServiceFormsTest.RepairAssessOtherGUITest" name="GUITestRadiobuttonRepairAssessement" time="1.611"/>
  <testcase classname="fieldServiceFormsTest.RepairAssessOtherGUITest" name="GUITestRadiobuttonRepairAssessement" time="1.427"/>
  <testcase classname="fieldServiceFormsTest.RepairAssessOtherGUITest" name="GUITestRadiobuttonRepairAssessement" time="1.423"/>
  <testcase classname="fieldServiceFormsTest.RepairAssessOtherGUITest" name="GUITestRadiobuttonRepairAssessement" time="1.446"/>
  <testcase classname="fieldServiceFormsTest.RepairAssessOtherGUITest" name="GUITestRadiobuttonRepairAssessement" time="2.455"/>
  <testcase classname="fieldServiceFormsTest.RepairAssessOtherGUITest" name="GUITestRadiobuttonRepairAssessement" time="1.462"/>
  <testcase classname="fieldServiceFormsTest.RepairAssessOtherGUITest" name="GUITestRadiobuttonRepairAssessement" time="1.441"/>
  <testcase classname="fieldServiceFormsTest.RepairAssessOtherGUITest" name="GUITestRadiobuttonRepairAssessement" time="1.417"/>
  <testcase classname="fieldServiceFormsTest.RepairAssessOtherGUITest" name="GUITestRadiobuttonRepairAssessement" time="1.425"/>
  <testcase classname="fieldServiceFormsTest.RepairAssessOtherGUITest" name="GUITestRadiobuttonRepairAssessement" time="1.428"/>
  <testcase classname="fieldServiceFormsTest.RepairAssessOtherGUITest" name="GUITestRadiobuttonRepairAssessement" time="1.419"/>
  <testcase classname="fieldServiceFormsTest.RepairAssessOtherGUITest" name="GUITestRadiobuttonRepairAssessement" time="1.482"/>
  <testcase classname="fieldServiceFormsTest.RepairAssessOtherGUITest" name="GUITestRadiobuttonRepairAssessement" time="1.41"/>
  <testcase classname="fieldServiceFormsTest.RepairAssessOtherGUITest" name="GUITestRadiobuttonRepairAssessement" time="1.414"/>
  <testcase classname="fieldServiceFormsTest.RepairAssessOtherGUITest" name="GUITestRadiobuttonRepairAssessement" time="1.521"/>
  <testcase classname="fieldServiceFormsTest.RepairAssessOtherGUITest" name="GUITestRadiobuttonRepairAssessement" time="1.697"/>
  <testcase classname="fieldServiceFormsTest.RepairAssessOtherGUITest" name="GUITestRadiobuttonRepairAssessement" time="1.617"/>
  <testcase classname="fieldServiceFormsTest.RepairAssessOtherGUITest" name="GUITestRadiobuttonRepairAssessement" time="2.438"/>
  <testcase classname="fieldServiceFormsTest.RepairAssessOtherGUITest" name="GUITestRadiobuttonRepairAssessement" time="1.461"/>
  <testcase classname="fieldServiceFormsTest.RepairAssessOtherGUITest" name="GUITestRadiobuttonRepairAssessement" time="1.974"/>
  <testcase classname="fieldServiceFormsTest.RepairAssessOtherGUITest" name="GUITestRadiobuttonRepairAssessement" time="1.611"/>
  <testcase classname="fieldServiceFormsTest.RepairAssessOtherGUITest" name="GUITestRadiobuttonRepairAssessement" time="1.418"/>
  <testcase classname="fieldServiceFormsTest.RepairAssessOtherGUITest" name="GUITestRadiobuttonRepairAssessement" time="1.391"/>
  <testcase classname="fieldServiceFormsTest.RepairAssessOtherGUITest" name="GUITestRadiobuttonRepairAssessement" time="1.447"/>
  <testcase classname="fieldServiceFormsTest.RepairAssessOtherGUITest" name="GUITestRadiobuttonRepairAssessement" time="1.636"/>
  <testcase classname="fieldServiceFormsTest.RepairAssessOtherGUITest" name="GUITestRadiobuttonRepairAssessement" time="1.643"/>
  <testcase classname="fieldServiceFormsTest.RepairAssessOtherGUITest" name="GUITestRadiobuttonRepairAssessement" time="1.762"/>
  <testcase classname="fieldServiceFormsTest.RepairAssessOtherGUITest" name="GUITestRadiobuttonRepairAssessement" time="1.959"/>
  <testcase classname="fieldServiceFormsTest.RepairAssessOtherGUITest" name="GUITestRadiobuttonRepairAssessement" time="1.544"/>
  <testcase classname="fieldServiceFormsTest.RepairAssessOtherGUITest" name="GUITestRadiobuttonRepairAssessement" time="1.853"/>
  <testcase classname="fieldServiceFormsTest.RepairAssessOtherGUITest" name="GUITestRadiobuttonRepairAssessement" time="1.811"/>
  <testcase classname="fieldServiceFormsTest.RepairAssessOtherGUITest" name="GUITestRadiobuttonRepairAssessement" time="1.54"/>
  <testcase classname="fieldServiceFormsTest.RepairAssessOtherGUITest" name="GUITestRadiobuttonRepairAssessement" time="1.458"/>
  <testcase classname="fieldServiceFormsTest.RepairAssessOtherGUITest" name="GUITestRadiobuttonRepairAssessement" time="1.657"/>
  <testcase classname="fieldServiceFormsTest.RepairAssessOtherGUITest" name="GUITestRadiobuttonRepairAssessement" time="1.355"/>
  <testcase classname="fieldServiceFormsTest.RepairAssessOtherGUITest" name="GUITestRadiobuttonRepairAssessement" time="2.601"/>
  <testcase classname="fieldServiceFormsTest.RepairAssessOtherGUITest" name="GUITestRadiobuttonRepairAssessement" time="1.643"/>
  <testcase classname="fieldServiceFormsTest.RepairAssessOtherGUITest" name="GUITestRadiobuttonRepairAssessement" time="1.761"/>
  <testcase classname="fieldServiceFormsTest.RepairAssessOtherGUITest" name="GUITestRadiobuttonRepairAssessement" time="1.617"/>
  <testcase classname="fieldServiceFormsTest.RepairAssessOtherGUITest" name="GUITestRadiobuttonRepairAssessement" time="1.824"/>
  <testcase classname="fieldServiceFormsTest.RepairAssessOtherGUITest" name="GUITestRadiobuttonRepairAssessement" time="2.7"/>
  <testcase classname="fieldServiceFormsTest.RepairAssessOtherGUITest" name="GUITestRadiobuttonRepairAssessement" time="1.751"/>
  <testcase classname="fieldServiceFormsTest.RepairAssessOtherGUITest" name="GUITestRadiobuttonRepairAssessement" time="1.878"/>
  <testcase classname="fieldServiceFormsTest.RepairAssessOtherGUITest" name="GUITestRadiobuttonRepairAssessement" time="1.783"/>
  <testcase classname="fieldServiceFormsTest.RepairAssessOtherGUITest" name="GUITestRadiobuttonRepairAssessement" time="1.995"/>
  <testcase classname="fieldServiceFormsTest.RepairAssessOtherGUITest" name="GUITestRadiobuttonRepairOther" time="2.604"/>
  <testcase classname="fieldServiceFormsTest.RepairAssessOtherGUITest" name="GUITestRadiobuttonRepairOther" time="1.762"/>
  <testcase classname="fieldServiceFormsTest.RepairAssessOtherGUITest" name="GUITestRadiobuttonRepairOther" time="2.494"/>
  <testcase classname="fieldServiceFormsTest.RepairAssessOtherGUITest" name="GUITestRadiobuttonRepairOther" time="2.087"/>
  <testcase classname="fieldServiceFormsTest.RepairAssessOtherGUITest" name="GUITestRadiobuttonRepairOther" time="1.998"/>
  <testcase classname="fieldServiceFormsTest.RepairAssessOtherGUITest" name="GUITestRadiobuttonRepairOther" time="1.882"/>
  <testcase classname="fieldServiceFormsTest.RepairAssessOtherGUITest" name="GUITestRadiobuttonRepairOther" time="1.861"/>
  <testcase classname="fieldServiceFormsTest.RepairAssessOtherGUITest" name="GUITestRadiobuttonRepairOther" time="2.062"/>
  <testcase classname="fieldServiceFormsTest.RepairAssessOtherGUITest" name="GUITestRadiobuttonRepairOther" time="2.01"/>
  <testcase classname="fieldServiceFormsTest.RepairAssessOtherGUITest" name="GUITestRadiobuttonRepairOther" time="1.802"/>
  <testcase classname="fieldServiceFormsTest.RepairAssessOtherGUITest" name="GUITestRadiobuttonRepairOther" time="2.809"/>
  <testcase classname="fieldServiceFormsTest.RepairAssessOtherGUITest" name="GUITestRadiobuttonRepairOther" time="5.679"/>
  <testcase classname="fieldServiceFormsTest.RepairAssessOtherGUITest" name="GUITestRadiobuttonRepairOther" time="12.195">
    <failure type="org.openqa.selenium.WebDriverException" message="chrome not reachable
  (Session info: chrome=103.0.5060.134)
Build info: version: &amp;apos;4.2.2&amp;apos;, revision: &amp;apos;683ccb65d6&amp;apos;
System info: host: &amp;apos;DESKTOP-AMSBLU7&amp;apos;, ip: &amp;apos;192.168.0.124&amp;apos;, os.name: &amp;apos;Windows 10&amp;apos;, os.arch: &amp;apos;amd64&amp;apos;, os.version: &amp;apos;10.0&amp;apos;, java.version: &amp;apos;11.0.13&amp;apos;
Driver info: org.openqa.selenium.chrome.ChromeDriver
Command: [d8b854471a82289a71a923cc20e3a711, findElement {using=id, value=DeviceInfo}]
Capabilities {acceptInsecureCerts: false, browserName: chrome, browserVersion: 103.0.5060.134, chrome: {chromedriverVersion: 103.0.5060.53 (a1711811edd7..., userDataDir: C:\Users\DELL\AppData\Local...}, goog:chromeOptions: {debuggerAddress: localhost:52246}, networkConnectionEnabled: false, pageLoadStrategy: normal, platformName: WINDOWS, proxy: Proxy(), se:cdp: ws://localhost:52246/devtoo..., se:cdpVersion: 103.0.5060.134, setWindowRect: true, strictFileInteractability: false, timeouts: {implicit: 0, pageLoad: 300000, script: 30000}, unhandledPromptBehavior: dismiss and notify, webauthn:extension:credBlob: true, webauthn:extension:largeBlob: true, webauthn:virtualAuthenticators: true}
Session ID: d8b854471a82289a71a923cc20e3a711">
      <![CDATA[org.openqa.selenium.WebDriverException: chrome not reachable
  (Session info: chrome=103.0.5060.134)
Build info: version: '4.2.2', revision: '683ccb65d6'
System info: host: 'DESKTOP-AMSBLU7', ip: '192.168.0.124', os.name: 'Windows 10', os.arch: 'amd64', os.version: '10.0', java.version: '11.0.13'
Driver info: org.openqa.selenium.chrome.ChromeDriver
Command: [d8b854471a82289a71a923cc20e3a711, findElement {using=id, value=DeviceInfo}]
Capabilities {acceptInsecureCerts: false, browserName: chrome, browserVersion: 103.0.5060.134, chrome: {chromedriverVersion: 103.0.5060.53 (a1711811edd7..., userDataDir: C:\Users\DELL\AppData\Local...}, goog:chromeOptions: {debuggerAddress: localhost:52246}, networkConnectionEnabled: false, pageLoadStrategy: normal, platformName: WINDOWS, proxy: Proxy(), se:cdp: ws://localhost:52246/devtoo..., se:cdpVersion: 103.0.5060.134, setWindowRect: true, strictFileInteractability: false, timeouts: {implicit: 0, pageLoad: 300000, script: 30000}, unhandledPromptBehavior: dismiss and notify, webauthn:extension:credBlob: true, webauthn:extension:largeBlob: true, webauthn:virtualAuthenticators: true}
Session ID: d8b854471a82289a71a923cc20e3a711
at org.openqa.selenium.remote.codec.w3c.W3CHttpResponseCodec.createException(W3CHttpResponseCodec.java:200)
at org.openqa.selenium.remote.codec.w3c.W3CHttpResponseCodec.decode(W3CHttpResponseCodec.java:133)
at org.openqa.selenium.remote.codec.w3c.W3CHttpResponseCodec.decode(W3CHttpResponseCodec.java:53)
at org.openqa.selenium.remote.HttpCommandExecutor.execute(HttpCommandExecutor.java:184)
at org.openqa.selenium.remote.service.DriverCommandExecutor.invokeExecute(DriverCommandExecutor.java:167)
at org.openqa.selenium.remote.service.DriverCommandExecutor.execute(DriverCommandExecutor.java:142)
at org.openqa.selenium.remote.RemoteWebDriver.execute(RemoteWebDriver.java:588)
at org.openqa.selenium.remote.ElementLocation$ElementFinder$2.findElement(ElementLocation.java:162)
at org.openqa.selenium.remote.ElementLocation.findElement(ElementLocation.java:60)
at org.openqa.selenium.remote.RemoteWebDriver.findElement(RemoteWebDriver.java:406)
at org.openqa.selenium.remote.RemoteWebDriver.findElement(RemoteWebDriver.java:398)
at pageobjects.RepairLocatorsGUI.deviceInfo(RepairLocatorsGUI.java:41)
at fieldServiceFormsTest.RepairAssessOtherGUITest.GUITestRadiobuttonRepairOther(RepairAssessOtherGUITest.java:108)
at java.base/java.util.ArrayList.forEach(ArrayList.java:1541)
... Removed 31 stack frames]]>
    </failure>
  </testcase> <!-- GUITestRadiobuttonRepairOther -->
  <testcase classname="fieldServiceFormsTest.RepairAssessOtherGUITest" name="GUITestRadiobuttonRepairOther" time="24.392">
    <failure type="org.openqa.selenium.WebDriverException" message="chrome not reachable
  (Session info: chrome=103.0.5060.134)
Build info: version: &amp;apos;4.2.2&amp;apos;, revision: &amp;apos;683ccb65d6&amp;apos;
System info: host: &amp;apos;DESKTOP-AMSBLU7&amp;apos;, ip: &amp;apos;192.168.0.124&amp;apos;, os.name: &amp;apos;Windows 10&amp;apos;, os.arch: &amp;apos;amd64&amp;apos;, os.version: &amp;apos;10.0&amp;apos;, java.version: &amp;apos;11.0.13&amp;apos;
Driver info: org.openqa.selenium.chrome.ChromeDriver
Command: [d8b854471a82289a71a923cc20e3a711, screenshot {}]
Capabilities {acceptInsecureCerts: false, browserName: chrome, browserVersion: 103.0.5060.134, chrome: {chromedriverVersion: 103.0.5060.53 (a1711811edd7..., userDataDir: C:\Users\DELL\AppData\Local...}, goog:chromeOptions: {debuggerAddress: localhost:52246}, networkConnectionEnabled: false, pageLoadStrategy: normal, platformName: WINDOWS, proxy: Proxy(), se:cdp: ws://localhost:52246/devtoo..., se:cdpVersion: 103.0.5060.134, setWindowRect: true, strictFileInteractability: false, timeouts: {implicit: 0, pageLoad: 300000, script: 30000}, unhandledPromptBehavior: dismiss and notify, webauthn:extension:credBlob: true, webauthn:extension:largeBlob: true, webauthn:virtualAuthenticators: true}
Session ID: d8b854471a82289a71a923cc20e3a711">
      <![CDATA[org.openqa.selenium.WebDriverException: chrome not reachable
  (Session info: chrome=103.0.5060.134)
Build info: version: '4.2.2', revision: '683ccb65d6'
System info: host: 'DESKTOP-AMSBLU7', ip: '192.168.0.124', os.name: 'Windows 10', os.arch: 'amd64', os.version: '10.0', java.version: '11.0.13'
Driver info: org.openqa.selenium.chrome.ChromeDriver
Command: [d8b854471a82289a71a923cc20e3a711, screenshot {}]
Capabilities {acceptInsecureCerts: false, browserName: chrome, browserVersion: 103.0.5060.134, chrome: {chromedriverVersion: 103.0.5060.53 (a1711811edd7..., userDataDir: C:\Users\DELL\AppData\Local...}, goog:chromeOptions: {debuggerAddress: localhost:52246}, networkConnectionEnabled: false, pageLoadStrategy: normal, platformName: WINDOWS, proxy: Proxy(), se:cdp: ws://localhost:52246/devtoo..., se:cdpVersion: 103.0.5060.134, setWindowRect: true, strictFileInteractability: false, timeouts: {implicit: 0, pageLoad: 300000, script: 30000}, unhandledPromptBehavior: dismiss and notify, webauthn:extension:credBlob: true, webauthn:extension:largeBlob: true, webauthn:virtualAuthenticators: true}
Session ID: d8b854471a82289a71a923cc20e3a711
at org.openqa.selenium.remote.codec.w3c.W3CHttpResponseCodec.createException(W3CHttpResponseCodec.java:200)
at org.openqa.selenium.remote.codec.w3c.W3CHttpResponseCodec.decode(W3CHttpResponseCodec.java:133)
at org.openqa.selenium.remote.codec.w3c.W3CHttpResponseCodec.decode(W3CHttpResponseCodec.java:53)
at org.openqa.selenium.remote.HttpCommandExecutor.execute(HttpCommandExecutor.java:184)
at org.openqa.selenium.remote.service.DriverCommandExecutor.invokeExecute(DriverCommandExecutor.java:167)
at org.openqa.selenium.remote.service.DriverCommandExecutor.execute(DriverCommandExecutor.java:142)
at org.openqa.selenium.remote.RemoteWebDriver.execute(RemoteWebDriver.java:588)
at org.openqa.selenium.remote.RemoteWebDriver.execute(RemoteWebDriver.java:643)
at org.openqa.selenium.remote.RemoteWebDriver.execute(RemoteWebDriver.java:647)
at org.openqa.selenium.remote.RemoteWebDriver.getScreenshotAs(RemoteWebDriver.java:372)
at resources.BrowserConfigGUI.GUIgetScreenShotPath(BrowserConfigGUI.java:94)
at listeners.FormsGUIListeners.onTestFailure(FormsGUIListeners.java:79)
at java.base/java.util.ArrayList.forEach(ArrayList.java:1541)
... Removed 28 stack frames]]>
    </failure>
  </testcase> <!-- GUITestRadiobuttonRepairOther -->
</testsuite> <!-- Test -->
