<?xml version="1.0" encoding="UTF-8"?>
<!-- Generated by org.testng.reporters.JUnitReportReporter -->
<testsuite hostname="DESKTOP-AMSBLU7" failures="0" tests="40" name="installandrepair.Repairformtest" time="195.505" errors="1" timestamp="2022-07-06T15:49:32 IST" skipped="0">
  <testcase classname="installandrepair.Repairformtest" name="repair" time="1.562"/>
  <system-out/>
  <testcase classname="installandrepair.Repairformtest" name="repair" time="2.879"/>
  <system-out/>
  <testcase classname="installandrepair.Repairformtest" name="repair" time="1.896"/>
  <system-out/>
  <testcase classname="installandrepair.Repairformtest" name="repair" time="2.274"/>
  <system-out/>
  <testcase classname="installandrepair.Repairformtest" name="repair" time="1.987"/>
  <system-out/>
  <testcase classname="installandrepair.Repairformtest" name="repair" time="2.062"/>
  <system-out/>
  <testcase classname="installandrepair.Repairformtest" name="repair" time="1.591"/>
  <system-out/>
  <testcase classname="installandrepair.Repairformtest" name="repair" time="1.291"/>
  <system-out/>
  <testcase classname="installandrepair.Repairformtest" name="repair" time="1.605"/>
  <system-out/>
  <testcase classname="installandrepair.Repairformtest" name="repair" time="2.045"/>
  <system-out/>
  <testcase classname="installandrepair.Repairformtest" name="repair" time="2.342"/>
  <system-out/>
  <testcase classname="installandrepair.Repairformtest" name="repair" time="2.741"/>
  <system-out/>
  <testcase classname="installandrepair.Repairformtest" name="repair" time="2.040"/>
  <system-out/>
  <testcase classname="installandrepair.Repairformtest" name="repair" time="2.223"/>
  <system-out/>
  <testcase classname="installandrepair.Repairformtest" name="repair" time="2.266"/>
  <system-out/>
  <testcase classname="installandrepair.Repairformtest" name="repair" time="1.341"/>
  <system-out/>
  <testcase classname="installandrepair.Repairformtest" name="repair" time="2.104"/>
  <system-out/>
  <testcase classname="installandrepair.Repairformtest" name="repair" time="2.296"/>
  <system-out/>
  <testcase classname="installandrepair.Repairformtest" name="repair" time="1.314"/>
  <system-out/>
  <testcase classname="installandrepair.Repairformtest" name="repair" time="2.778"/>
  <system-out/>
  <testcase classname="installandrepair.Repairformtest" name="repair1" time="8.037"/>
  <system-out/>
  <testcase classname="installandrepair.Repairformtest" name="repair1" time="8.738"/>
  <system-out/>
  <testcase classname="installandrepair.Repairformtest" name="repair1" time="8.626"/>
  <system-out/>
  <testcase classname="installandrepair.Repairformtest" name="repair1" time="7.909"/>
  <system-out/>
  <testcase classname="installandrepair.Repairformtest" name="repair1" time="7.822"/>
  <system-out/>
  <testcase classname="installandrepair.Repairformtest" name="repair1" time="7.483"/>
  <system-out/>
  <testcase classname="installandrepair.Repairformtest" name="repair1" time="8.037"/>
  <system-out/>
  <testcase classname="installandrepair.Repairformtest" name="repair1" time="8.512"/>
  <system-out/>
  <testcase classname="installandrepair.Repairformtest" name="repair1" time="8.065"/>
  <system-out/>
  <testcase classname="installandrepair.Repairformtest" name="repair1" time="0.227">
    <error message="element not interactable: [object HTMLDivElement] has no size and location
  (Session info: chrome=103.0.5060.114)
Build info: version: &#039;4.2.2&#039;, revision: &#039;683ccb65d6&#039;
System info: host: &#039;DESKTOP-AMSBLU7&#039;, ip: &#039;192.168.0.124&#039;, os.name: &#039;Windows 10&#039;, os.arch: &#039;amd64&#039;, os.version: &#039;10.0&#039;, java.version: &#039;11.0.13&#039;
Driver info: org.openqa.selenium.chrome.ChromeDriver
Command: [742ebdc01c484aa0e46f04159bf99de4, actions {actions=[org.openqa.selenium.interactions.Sequence@69464a0f, org.openqa.selenium.interactions.Sequence@3f2f83d5]}]
Capabilities {acceptInsecureCerts: false, browserName: chrome, browserVersion: 103.0.5060.114, chrome: {chromedriverVersion: 103.0.5060.53 (a1711811edd7..., userDataDir: C:\Users\DELL\AppData\Local...}, goog:chromeOptions: {debuggerAddress: localhost:53178}, networkConnectionEnabled: false, pageLoadStrategy: normal, platformName: WINDOWS, proxy: Proxy(), se:cdp: ws://localhost:53178/devtoo..., se:cdpVersion: 103.0.5060.114, setWindowRect: true, strictFileInteractability: false, timeouts: {implicit: 0, pageLoad: 300000, script: 30000}, unhandledPromptBehavior: dismiss and notify, webauthn:extension:credBlob: true, webauthn:extension:largeBlob: true, webauthn:virtualAuthenticators: true}
Session ID: 742ebdc01c484aa0e46f04159bf99de4" type="org.openqa.selenium.ElementNotInteractableException">
      <![CDATA[org.openqa.selenium.ElementNotInteractableException: element not interactable: [object HTMLDivElement] has no size and location
  (Session info: chrome=103.0.5060.114)
Build info: version: '4.2.2', revision: '683ccb65d6'
System info: host: 'DESKTOP-AMSBLU7', ip: '192.168.0.124', os.name: 'Windows 10', os.arch: 'amd64', os.version: '10.0', java.version: '11.0.13'
Driver info: org.openqa.selenium.chrome.ChromeDriver
Command: [742ebdc01c484aa0e46f04159bf99de4, actions {actions=[org.openqa.selenium.interactions.Sequence@69464a0f, org.openqa.selenium.interactions.Sequence@3f2f83d5]}]
Capabilities {acceptInsecureCerts: false, browserName: chrome, browserVersion: 103.0.5060.114, chrome: {chromedriverVersion: 103.0.5060.53 (a1711811edd7..., userDataDir: C:\Users\DELL\AppData\Local...}, goog:chromeOptions: {debuggerAddress: localhost:53178}, networkConnectionEnabled: false, pageLoadStrategy: normal, platformName: WINDOWS, proxy: Proxy(), se:cdp: ws://localhost:53178/devtoo..., se:cdpVersion: 103.0.5060.114, setWindowRect: true, strictFileInteractability: false, timeouts: {implicit: 0, pageLoad: 300000, script: 30000}, unhandledPromptBehavior: dismiss and notify, webauthn:extension:credBlob: true, webauthn:extension:largeBlob: true, webauthn:virtualAuthenticators: true}
Session ID: 742ebdc01c484aa0e46f04159bf99de4
at java.base/jdk.internal.reflect.NativeConstructorAccessorImpl.newInstance0(Native Method)
at java.base/jdk.internal.reflect.NativeConstructorAccessorImpl.newInstance(NativeConstructorAccessorImpl.java:62)
at java.base/jdk.internal.reflect.DelegatingConstructorAccessorImpl.newInstance(DelegatingConstructorAccessorImpl.java:45)
at java.base/java.lang.reflect.Constructor.newInstance(Constructor.java:490)
at org.openqa.selenium.remote.codec.w3c.W3CHttpResponseCodec.createException(W3CHttpResponseCodec.java:200)
at org.openqa.selenium.remote.codec.w3c.W3CHttpResponseCodec.decode(W3CHttpResponseCodec.java:133)
at org.openqa.selenium.remote.codec.w3c.W3CHttpResponseCodec.decode(W3CHttpResponseCodec.java:53)
at org.openqa.selenium.remote.HttpCommandExecutor.execute(HttpCommandExecutor.java:184)
at org.openqa.selenium.remote.service.DriverCommandExecutor.invokeExecute(DriverCommandExecutor.java:167)
at org.openqa.selenium.remote.service.DriverCommandExecutor.execute(DriverCommandExecutor.java:142)
at org.openqa.selenium.remote.RemoteWebDriver.execute(RemoteWebDriver.java:588)
at org.openqa.selenium.remote.RemoteWebDriver.perform(RemoteWebDriver.java:656)
at org.openqa.selenium.interactions.Actions$BuiltAction.perform(Actions.java:718)
at installandrepair.Repairformtest.repair1(Repairformtest.java:170)
at java.base/jdk.internal.reflect.NativeMethodAccessorImpl.invoke0(Native Method)
at java.base/jdk.internal.reflect.NativeMethodAccessorImpl.invoke(NativeMethodAccessorImpl.java:62)
at java.base/jdk.internal.reflect.DelegatingMethodAccessorImpl.invoke(DelegatingMethodAccessorImpl.java:43)
at java.base/java.lang.reflect.Method.invoke(Method.java:566)
at org.testng.internal.MethodInvocationHelper.invokeMethod(MethodInvocationHelper.java:133)
at org.testng.internal.TestInvoker.invokeMethod(TestInvoker.java:598)
at org.testng.internal.TestInvoker.invokeTestMethod(TestInvoker.java:173)
at org.testng.internal.MethodRunner.runInSequence(MethodRunner.java:46)
at org.testng.internal.TestInvoker$MethodInvocationAgent.invoke(TestInvoker.java:824)
at org.testng.internal.TestInvoker.invokeTestMethods(TestInvoker.java:146)
at org.testng.internal.TestMethodWorker.invokeTestMethods(TestMethodWorker.java:146)
at org.testng.internal.TestMethodWorker.run(TestMethodWorker.java:128)
at java.base/java.util.ArrayList.forEach(ArrayList.java:1541)
at org.testng.TestRunner.privateRun(TestRunner.java:794)
at org.testng.TestRunner.run(TestRunner.java:596)
at org.testng.SuiteRunner.runTest(SuiteRunner.java:377)
at org.testng.SuiteRunner.runSequentially(SuiteRunner.java:371)
at org.testng.SuiteRunner.privateRun(SuiteRunner.java:332)
at org.testng.SuiteRunner.run(SuiteRunner.java:276)
at org.testng.SuiteRunnerWorker.runSuite(SuiteRunnerWorker.java:53)
at org.testng.SuiteRunnerWorker.run(SuiteRunnerWorker.java:96)
at org.testng.TestNG.runSuitesSequentially(TestNG.java:1212)
at org.testng.TestNG.runSuitesLocally(TestNG.java:1134)
at org.testng.TestNG.runSuites(TestNG.java:1063)
at org.testng.TestNG.run(TestNG.java:1031)
at org.testng.remote.AbstractRemoteTestNG.run(AbstractRemoteTestNG.java:115)
at org.testng.remote.RemoteTestNG.initAndRun(RemoteTestNG.java:251)
at org.testng.remote.RemoteTestNG.main(RemoteTestNG.java:77)
]]>
    </error>
  </testcase> <!-- repair1 -->
  <system-out/>
  <testcase classname="installandrepair.Repairformtest" name="repair1" time="8.004"/>
  <system-out/>
  <testcase classname="installandrepair.Repairformtest" name="repair1" time="7.985"/>
  <system-out/>
  <testcase classname="installandrepair.Repairformtest" name="repair1" time="8.192"/>
  <system-out/>
  <testcase classname="installandrepair.Repairformtest" name="repair1" time="8.674"/>
  <system-out/>
  <testcase classname="installandrepair.Repairformtest" name="repair1" time="8.015"/>
  <system-out/>
  <testcase classname="installandrepair.Repairformtest" name="repair1" time="7.359"/>
  <system-out/>
  <testcase classname="installandrepair.Repairformtest" name="repair1" time="8.460"/>
  <system-out/>
  <testcase classname="installandrepair.Repairformtest" name="repair1" time="8.180"/>
  <system-out/>
  <testcase classname="installandrepair.Repairformtest" name="repair1" time="8.596"/>
  <system-out/>
  <testcase classname="installandrepair.Repairformtest" name="repair1" time="7.947"/>
  <system-out/>
</testsuite> <!-- installandrepair.Repairformtest -->
